[teknify.webflow.io/home-two.html]
[backblue.gif]
[fade.gif]
[index.html]
[ajax.googleapis.com/ajax/libs/webfont/1.6.26/webfont.2.delayed]
[cdn.prod.website-files.com/6760feb1dd836b3d80343455/css/teknify.webflow.shared.9fa2e168b.css]
[cdn.prod.website-files.com/6760feb1dd836b3d80343455/67bd6083c17570aff75682ca_32x32  favicon (1).jpg]
[cdn.prod.website-files.com/6760feb1dd836b3d80343455/67bd607ebe90684a99368b3e_256x256  favicon (1).jpg]
[fonts.googleapis.com/index.html]
[cdn.prod.website-files.com/6760feb1dd836b3d80343455/67bd4523073b0cbe76a82b74_dark-logo.png]
[teknify.webflow.io/product/basic-plan.html]
[cdn.prod.website-files.com/6760feb1dd836b3d80343455/67a9dea076bdf7b64318fbf6_nav-arrow-dark.svg]
[teknify.webflow.io/home-one.html]
[teknify.webflow.io/home-three.html]
[teknify.webflow.io/service-one.html]
[teknify.webflow.io/service-two.html]
[teknify.webflow.io/service-three.html]
[cdn.prod.website-files.com/6760feb1dd836b3d80343455/67bd671b0b5898355b38baae_menu-about-icon.svg]
[cdn.prod.website-files.com/6760feb1dd836b3d80343455/67bd6c13888505353582df31_menu-service-icon.svg]
[teknify.webflow.io/about-us.html]
[cdn.prod.website-files.com/6760feb1dd836b3d80343455/67bd6c13be90684a99426cad_menu-features-icon.svg]
[teknify.webflow.io/features.html]
[cdn.prod.website-files.com/6760feb1dd836b3d80343455/67bd6c13978ca876ce16d143_menu-pricing-icon.svg]
[teknify.webflow.io/pricing-one.html]
[teknify.webflow.io/pricing-two.html]
[cdn.prod.website-files.com/6760feb1dd836b3d80343455/67bd6c13d59ccab1f56f37a0_menu-blog-icon.svg]
[teknify.webflow.io/blog-one.html]
[teknify.webflow.io/blog-two.html]
[teknify.webflow.io/blog-three.html]
[teknify.webflow.io/blog-details/smart-techniques-to-strengthen-your-tech-abilities-every-day.html]
[cdn.prod.website-files.com/6760feb1dd836b3d80343455/67bd6c130a9390669cbe26f0_menu-contact-icon.svg]
[teknify.webflow.io/contact-one.html]
[teknify.webflow.io/contact-two.html]
[teknify.webflow.io/contact-three.html]
[cdn.prod.website-files.com/6760feb1dd836b3d80343455/67bd6c13f76785bccea78c92_menu-knowledge-icon.svg]
[teknify.webflow.io/knowledge-base.html]
[teknify.webflow.io/knowledge-base-category.html]
[teknify.webflow.io/knowledge-base/what-is-the-role-of-ai-in-predictive-analytics.html]
[cdn.prod.website-files.com/6760feb1dd836b3d80343455/67bd6c13d718569c96b49301_menu-password-icon.svg]
[teknify.webflow.io/401.html]
[cdn.prod.website-files.com/6760feb1dd836b3d80343455/67bd6c1359fb39f68e317cab_menu-404-icon.svg]
[teknify.webflow.io/404.html]
[cdn.prod.website-files.com/6760feb1dd836b3d80343455/67bd6a7e47b16edd7d7f3344_mega-menu-arrow.svg]
[cdn.prod.website-files.com/6760feb1dd836b3d80343455/67a9f3bb2c2d5ba8479ac412_footer-white.svg]
[cdn.prod.website-files.com/6760feb1dd836b3d80343455/678f26e520066524c85c5724_arrow-white.svg]
[cdn.prod.website-files.com/6760feb1dd836b3d80343455/679237cb860988deee81355a_arrow-dark.svg]
[teknify.webflow.io/product/standard-plan.html]
[teknify.webflow.io/product/premium-plan.html]
[cdn.prod.website-files.com/6760feb1dd836b3d80343455/67a9862260737a97d9ff5332_cart-black-icon.svg]
[teknify.webflow.io/checkout.html]
[cdn.prod.website-files.com/6760feb1dd836b3d80343455/67ac66e8acd413cd9794d3ba_home-two-dashboard.webp]
[cdn.prod.website-files.com/6760feb1dd836b3d80343455/67ac5b9fb9d04d9f75c9a259_phone-rotate.webp]
[cdn.prod.website-files.com/6760feb1dd836b3d80343455/67ac5eb887947ee5137dd524_card-one.webp]
[cdn.prod.website-files.com/6760feb1dd836b3d80343455/67ac63b4fc5754530df328b4_card-two.webp]
[cdn.prod.website-files.com/6760feb1dd836b3d80343455/678f26e520066524c85c571b_hero-two-03.webp]
[cdn.prod.website-files.com/6760feb1dd836b3d80343455/678f26e520066524c85c5708_play-icon-01.svg]
[cdn.prod.website-files.com/6760feb1dd836b3d80343455/678f26e520066524c85c5704_client-two-01.svg]
[cdn.prod.website-files.com/6760feb1dd836b3d80343455/678f26e520066524c85c5706_client-two-02.svg]
[cdn.prod.website-files.com/6760feb1dd836b3d80343455/678f26e520066524c85c571d_client-two-03.svg]
[cdn.prod.website-files.com/6760feb1dd836b3d80343455/678f26e520066524c85c571e_client-two-04.svg]
[cdn.prod.website-files.com/6760feb1dd836b3d80343455/67adb283223de4c073edb250_client-two-review.svg]
[cdn.prod.website-files.com/6760feb1dd836b3d80343455/678f26e520066524c85c571f_client-two-05.svg]
[cdn.prod.website-files.com/6760feb1dd836b3d80343455/67987070b99a8553f291851e_icon-box-two-01.svg]
[cdn.prod.website-files.com/6760feb1dd836b3d80343455/6798707b5238cf01e14c038f_icon-box-two-02.svg]
[cdn.prod.website-files.com/6760feb1dd836b3d80343455/67987095c07132fc15d2b39b_icon-box-two-03.svg]
[cdn.prod.website-files.com/6760feb1dd836b3d80343455/67987097051c640daea41054_icon-box-two-04.svg]
[cdn.prod.website-files.com/6760feb1dd836b3d80343455/679749baeabb682ab7dda05d_About-us-two-02.webp]
[cdn.prod.website-files.com/6760feb1dd836b3d80343455/6797499eeabb682ab7dd6dfa_about-us-two-01.webp]
[cdn.prod.website-files.com/6760feb1dd836b3d80343455/679736b2ebaf4e31dec6774b_Arrow Down.webp]
[cdn.prod.website-files.com/6760feb1dd836b3d80343455/679736b2ebaf4e31dec67742_Business Management (3).png]
[cdn.prod.website-files.com/6760feb1dd836b3d80343455/678f26e520066524c85c5725_Group 1000002281.svg]
[cdn.prod.website-files.com/6760feb1dd836b3d80343455/678f26e520066524c85c5727_how-it-work-card-01.webp]
[cdn.prod.website-files.com/6760feb1dd836b3d80343455/678f26e520066524c85c572a_how-it-work-card-02.webp]
[cdn.prod.website-files.com/6760feb1dd836b3d80343455/678f26e520066524c85c572d_how-it-work-card-03.webp]
[cdn.prod.website-files.com/6760feb1dd836b3d80343455/678f26e520066524c85c5730_how-it-work-card-04.webp]
[cdn.prod.website-files.com/6760feb1dd836b3d80343455/678f26e520066524c85c5732_how-it-work-image-line.svg]
[cdn.prod.website-files.com/6760feb1dd836b3d80343455/678f26e520066524c85c5733_how-it-work-two-icon.svg]
[cdn.prod.website-files.com/6760feb1dd836b3d80343455/678f26e520066524c85c5734_Our Success one-03.svg]
[cdn.prod.website-files.com/6760feb1dd836b3d80343455/678f26e520066524c85c5735_Our Success one-02.svg]
[cdn.prod.website-files.com/6760feb1dd836b3d80343455/678f26e520066524c85c5736_Our Success one-01.svg]
[cdn.prod.website-files.com/6760feb1dd836b3d80343455/678f26e520066524c85c5737_check-icon-one.svg]
[cdn.prod.website-files.com/6760feb1dd836b3d80343455/6798811ebad9c1bddad71ea8_Mission-one-01.webp]
[cdn.prod.website-files.com/6760feb1dd836b3d80343455/6798815a7c0c59a3af8efa73_mission-two-02.webp]
[cdn.prod.website-files.com/6760feb1dd836b3d80343455/678f26e520066524c85c5744_our strength one 01.webp]
[cdn.prod.website-files.com/6760feb1dd836b3d80343455/67989332963d449e88a06764_our strength one 02.webp]
[cdn.prod.website-files.com/6760feb1dd836b3d80343455/678f26e520066524c85c574c_our-strength- 03.svg]
[cdn.prod.website-files.com/6760feb1dd836b3d80343455/678f26e520066524c85c574d_star-01.svg]
[cdn.prod.website-files.com/6760feb1dd836b3d80343455/678f26e520066524c85c5751_client-three.webp]
[cdn.prod.website-files.com/6760feb1dd836b3d80343455/678f26e520066524c85c5750_client-two.webp]
[cdn.prod.website-files.com/6760feb1dd836b3d80343455/678f26e520066524c85c574f_client-one.webp]
[cdn.prod.website-files.com/6760feb1dd836b3d80343455/67bd452343ae646d3d259c67_light-logo.png]
[cdn.prod.website-files.com/6760feb1dd836b3d80343455/679c5a20322c8a8bec3f0845_brand-facebook.svg]
[cdn.prod.website-files.com/6760feb1dd836b3d80343455/6798ac096bf794f8a1ecf398_twiter-x-02.svg]
[cdn.prod.website-files.com/6760feb1dd836b3d80343455/6798ac05d1d35ecb4dd17a80_linkdin-02.svg]
[cdn.prod.website-files.com/6760feb1dd836b3d80343455/6798ac0de373f919c4ad66d9_instagram-0.2.svg]
[cdn.prod.website-files.com/6760feb1dd836b3d80343455/679c4f7d29ee86487339e91f_pointer.svg]
[cdn.prod.website-files.com/6760feb1dd836b3d80343455/679c4f79934bba3b70f0e490_call.svg]
[cdn.prod.website-files.com/6760feb1dd836b3d80343455/679c4f72ec2f4b60fba5cdd2_Email.svg]
[teknify.webflow.io/license.html]
[teknify.webflow.io/changelog.html]
[cdn.prod.website-files.com/6760feb1dd836b3d80343455/682ef4a88cdfb01c38406761_boxicon.svg]
[cdn.prod.website-files.com/6760feb1dd836b3d80343455/682ef4a88cdfb01c3840675b_white icon.svg]
[cdn.prod.website-files.com/6760feb1dd836b3d80343455/682ef4a88cdfb01c3840675c_box-main.svg]
[d3e54v103j8qbb.cloudfront.net/js/jquery-3.5.1.min.dc5e7f18c8fd3a.js]
[cdn.prod.website-files.com/6760feb1dd836b3d80343455/js/webflow.schunk.148d3795dd38d54f.js]
[cdn.prod.website-files.com/6760feb1dd836b3d80343455/js/webflow.schunk.0e77e8610c42c2bf.js]
[teknify.webflow.io/home-two.html]
[cdn.prod.website-files.com/6760feb1dd836b3d80343455/js/webflow.02c329dd.cf0b2361dc87fa44.js]
[cdn.prod.website-files.com/6760feb1dd836b3d80343455/js/webflow.schunk.4b2c3a985638a652.js]
[fonts.googleapis.com/index.html]
[fonts.gstatic.com/index.html]
[cdn.prod.website-files.com/6760feb1dd836b3d80343455/67a9814c1c71236b3c833af3_cart-icon-01.svg]
[cdn.prod.website-files.com/6760feb1dd836b3d80343455/679232f88103fddeb2656d76_price-two-01.svg]
[cdn.prod.website-files.com/6760feb1dd836b3d80343455/67a18de653887adc424aee47_2fdfda8a10d423bc3c8144528e504995_image section (3).webp]
[cdn.prod.website-files.com/6760feb1dd836b3d80343455/67a1f539af1f9e3e649f4159_shop-01.webp]
[cdn.prod.website-files.com/6760feb1dd836b3d80343455/6799d17d0270986cb35b8cfa_footer-three-arrow.svg]
[cdn.prod.website-files.com/6760feb1dd836b3d80343455/6798ab4b9e299e1fb03513b6_facebook.svg]
[teknify.webflow.io/style-guide.html]
[cdn.prod.website-files.com/6760feb1dd836b3d80343455/js/webflow.028c670e.e727594e50f6b59e.js]
[teknify.webflow.io/product/basic-plan.html]
[cdn.prod.website-files.com/6760feb1dd836b3d80343455/679856425177212e5dc0947a_Home-one-dasboard-one.webp]
[cdn.prod.website-files.com/6760feb1dd836b3d80343455/6799fb9857cba693b35b168f_Hero-one-dasboard-02.webp]
[cdn.prod.website-files.com/6760feb1dd836b3d80343455/67a4434b6289b74882e6b95d_dashboard-home-one.webp]
[cdn.prod.website-files.com/6760feb1dd836b3d80343455/678f23e317c1960451a081ab_arrow-02.svg]
[cdn.prod.website-files.com/6760feb1dd836b3d80343455/678f23e317c1960451a081ac_arrow-01.svg]
[cdn.prod.website-files.com/6760feb1dd836b3d80343455/678f23e317c1960451a081ba_client-01.svg]
[cdn.prod.website-files.com/6760feb1dd836b3d80343455/678f23e317c1960451a081b9_client-02.svg]
[cdn.prod.website-files.com/6760feb1dd836b3d80343455/678f23e317c1960451a081bb_bdd28d01d927e8894cd9d9e16e66f497_client-03.svg]
[cdn.prod.website-files.com/6760feb1dd836b3d80343455/678f23e317c1960451a081bc_client-04.svg]
[cdn.prod.website-files.com/6760feb1dd836b3d80343455/678f23e317c1960451a081bd_client-05.svg]
[cdn.prod.website-files.com/6760feb1dd836b3d80343455/678f23e317c1960451a081ae_service-one-01.webp]
[cdn.prod.website-files.com/6760feb1dd836b3d80343455/678f23e317c1960451a081b1_service-one-02.webp]
[cdn.prod.website-files.com/6760feb1dd836b3d80343455/678f23e317c1960451a081b4_service-one-03.webp]
[cdn.prod.website-files.com/6760feb1dd836b3d80343455/678f23e317c1960451a081b7_service-one-04.webp]
[cdn.prod.website-files.com/6760feb1dd836b3d80343455/678f23e317c1960451a081be_check-icon-01.svg]
[cdn.prod.website-files.com/6760feb1dd836b3d80343455/678f23e317c1960451a081c1_Ellipse 02.svg]
[cdn.prod.website-files.com/6760feb1dd836b3d80343455/678f23e317c1960451a081c0_Ellipse 03.svg]
[cdn.prod.website-files.com/6760feb1dd836b3d80343455/678f23e317c1960451a081bf_Ellipse-01.svg]
[cdn.prod.website-files.com/6760feb1dd836b3d80343455/678f23e317c1960451a081c2_market-one-01.svg]
[cdn.prod.website-files.com/6760feb1dd836b3d80343455/678f23e317c1960451a081c3_market-one-02.svg]
[cdn.prod.website-files.com/6760feb1dd836b3d80343455/678f23e317c1960451a081c4_market-one-03.svg]
[cdn.prod.website-files.com/6760feb1dd836b3d80343455/678f23e317c1960451a081c6_business-one-01.svg]
[cdn.prod.website-files.com/6760feb1dd836b3d80343455/678f23e317c1960451a081c7_business-one-02.svg]
[cdn.prod.website-files.com/6760feb1dd836b3d80343455/678f23e317c1960451a081c8_business-one-03.svg]
[cdn.prod.website-files.com/6760feb1dd836b3d80343455/678f34f9b98b4218c2d80683_icon-card-three-01.svg]
[cdn.prod.website-files.com/6760feb1dd836b3d80343455/67933ca1de12d4ba955d9ce3_business-one-05.svg]
[cdn.prod.website-files.com/6760feb1dd836b3d80343455/678f23e317c1960451a081c9_how-it-work-icon-01.svg]
[cdn.prod.website-files.com/6760feb1dd836b3d80343455/678f23e317c1960451a081ca_how-it-work-icon-02.svg]
[cdn.prod.website-files.com/6760feb1dd836b3d80343455/678f23e317c1960451a081cc_how-it-work-one-01.webp]
[cdn.prod.website-files.com/6760feb1dd836b3d80343455/678f23e317c1960451a081cf_how-it-work-o2.webp]
[cdn.prod.website-files.com/6760feb1dd836b3d80343455/67a44569267b9397e7922757_home-one-chart.webp]
[cdn.prod.website-files.com/6760feb1dd836b3d80343455/6793312a71e6148615ae866a_ring-icon-01.svg]
[cdn.prod.website-files.com/6760feb1dd836b3d80343455/67bf04d8b304c6fce7dd3540_white-tick.svg]
[cdn.prod.website-files.com/6760feb1dd836b3d80343455/67a4454b33f2f5d51c2b26ca_home-one-progress-bar.webp]
[cdn.prod.website-files.com/6760feb1dd836b3d80343455/679719d0bd2d61df07604d7c_Market strateg02.webp]
[cdn.prod.website-files.com/6760feb1dd836b3d80343455/679719f358e0430e7677e016_Market strategy-03.webp]
[cdn.prod.website-files.com/6760feb1dd836b3d80343455/678f34f9b98b4218c2d80686_icon-card-three-04.png]
[cdn.prod.website-files.com/6760feb1dd836b3d80343455/678f2b7eb85697383776aa5b_service-section-two-04.svg]
[cdn.prod.website-files.com/6760feb1dd836b3d80343455/67986babb99a8553f28d19c5_Cta -one-01.webp]
[teknify.webflow.io/home-one.html]
[cdn.prod.website-files.com/6760feb1dd836b3d80343455/67adbd16fda6b3f83a3cdc2b_home-three-dashboard.webp]
[cdn.prod.website-files.com/6760feb1dd836b3d80343455/67ac8ff81c41928a0f19f2b8_home-three-board-011.webp]
[cdn.prod.website-files.com/6760feb1dd836b3d80343455/678f2b7eb85697383776aa60_hero-three-icon.svg]
[cdn.prod.website-files.com/6760feb1dd836b3d80343455/678f2b7eb85697383776aa63_service-two-01.webp]
[cdn.prod.website-files.com/6760feb1dd836b3d80343455/67a446d050b5c563941d7a3b_home-three-bar.webp]
[cdn.prod.website-files.com/6760feb1dd836b3d80343455/678f2b7eb85697383776aa57_service-two-03.svg]
[cdn.prod.website-files.com/6760feb1dd836b3d80343455/678f2b7eb85697383776aa58_service-section-two-01.svg]
[cdn.prod.website-files.com/6760feb1dd836b3d80343455/678f2b7eb85697383776aa59_service-section-two-02.svg]
[cdn.prod.website-files.com/6760feb1dd836b3d80343455/678f2b7eb85697383776aa5a_service-section-two-03.svg]
[cdn.prod.website-files.com/6760feb1dd836b3d80343455/678f2b7eb85697383776aa5c_service-section-two-bacground-line.svg]
[cdn.prod.website-files.com/6760feb1dd836b3d80343455/6798c5d37e12990f3b5b2387_icon-card-four-01.svg]
[cdn.prod.website-files.com/6760feb1dd836b3d80343455/6798c5d78665a01b8596f1ae_icon-card-four-02.svg]
[cdn.prod.website-files.com/6760feb1dd836b3d80343455/6798c5da81f66b19eba42548_icon-card-four-03.svg]
[cdn.prod.website-files.com/6760feb1dd836b3d80343455/67906d5de6e6c7f66a9bda28_check-02.svg]
[cdn.prod.website-files.com/6760feb1dd836b3d80343455/678f2b7eb85697383776aa6b_Our Features one 02.svg]
[cdn.prod.website-files.com/6760feb1dd836b3d80343455/678f2b7eb85697383776aa6c_Our Features one 01.svg]
[cdn.prod.website-files.com/6760feb1dd836b3d80343455/678f2b7eb85697383776aa6d_Our Features one 03.svg]
[cdn.prod.website-files.com/6760feb1dd836b3d80343455/678f2b7eb85697383776aa6e_icon-box-seven-01.svg]
[cdn.prod.website-files.com/6760feb1dd836b3d80343455/678f2b7eb85697383776aa6f_icon-box-seven-02.svg]
[cdn.prod.website-files.com/6760feb1dd836b3d80343455/678f2b7eb85697383776aa73_how-it-work-three-01.webp]
[cdn.prod.website-files.com/6760feb1dd836b3d80343455/678f2b7eb85697383776aa78_how-it-work-three-02.webp]
[cdn.prod.website-files.com/6760feb1dd836b3d80343455/678f2b7eb85697383776aa7a_how-it-work-three-bg-line.svg]
[cdn.prod.website-files.com/6760feb1dd836b3d80343455/678f2b7eb85697383776aa7b_Market strategy-two02.webp]
[cdn.prod.website-files.com/6760feb1dd836b3d80343455/678f2b7eb85697383776aa7c_Market strategy-two-01.webp]
[cdn.prod.website-files.com/6760feb1dd836b3d80343455/678f2b7eb85697383776aa7e_Market strategy-two-03.webp]
[cdn.prod.website-files.com/6760feb1dd836b3d80343455/678f2b7eb85697383776aa80_Market strategy-two-04.svg]
[cdn.prod.website-files.com/6760feb1dd836b3d80343455/678f2b7eb85697383776aa81_icon-card-eight-icon-01.svg]
[cdn.prod.website-files.com/6760feb1dd836b3d80343455/678f2b7eb85697383776aa82_icon-card-eight-icon-02.svg]
[cdn.prod.website-files.com/6760feb1dd836b3d80343455/678f2b7eb85697383776aa91_icon-card-eight-icon-03.svg]
[cdn.prod.website-files.com/6760feb1dd836b3d80343455/678f2b7eb85697383776aa83_our growth-02.svg]
[cdn.prod.website-files.com/6760feb1dd836b3d80343455/67a9baf1be4eb9d2efa7f390_circle-two.svg]
[cdn.prod.website-files.com/6760feb1dd836b3d80343455/678f2b7eb85697383776aa86_our growth 01.webp]
[cdn.prod.website-files.com/6760feb1dd836b3d80343455/678f2b7eb85697383776aa88_icon-box-eight-01.svg]
[cdn.prod.website-files.com/6760feb1dd836b3d80343455/67a09b65131b9118cdd61890_icon-box-eight-02.svg]
[cdn.prod.website-files.com/6760feb1dd836b3d80343455/678f2b7eb85697383776aa8a_cta-two-01.webp]
[cdn.prod.website-files.com/6760feb1dd836b3d80343455/678f2b7eb85697383776aa8b_cta-two-05.webp]
[cdn.prod.website-files.com/6760feb1dd836b3d80343455/678f2b7eb85697383776aa8f_cta-two-02.webp]
[cdn.prod.website-files.com/6760feb1dd836b3d80343455/678f2b7eb85697383776aa8e_cta-two-03.webp]
[cdn.prod.website-files.com/6760feb1dd836b3d80343455/678f2b7eb85697383776aa8d_cta-two-04.webp]
[cdn.prod.website-files.com/6760feb1dd836b3d80343455/678f2b7eb85697383776aa8c_cta-two-06.webp]
[cdn.prod.website-files.com/6760feb1dd836b3d80343455/678f26e520066524c85c574e_star-02.svg]
[cdn.prod.website-files.com/6760feb1dd836b3d80343455/6799c2630aab7f3698a5282d_Testimonial-three-01.webp]
[cdn.prod.website-files.com/6760feb1dd836b3d80343455/6799c26bcca9a9453a47161a_Testimonial-three-04.webp]
[cdn.prod.website-files.com/6760feb1dd836b3d80343455/6799c2775502449af872081c_Testimonial-three-07.webp]
[cdn.prod.website-files.com/6760feb1dd836b3d80343455/6799c279221f4b77363c0ed8_Testimonial-three-08.webp]
[cdn.prod.website-files.com/6760feb1dd836b3d80343455/6799c26e6b5080068228efa2_Testimonial-three-05.webp]
[cdn.prod.website-files.com/6760feb1dd836b3d80343455/6799c266db14dccffd53d07f_Testimonial-three-02.webp]
[cdn.prod.website-files.com/6760feb1dd836b3d80343455/6799c26818a877f34891c34c_Testimonial-three-03.webp]
[cdn.prod.website-files.com/6760feb1dd836b3d80343455/6799c274cdb564e27614f5a1_Testimonial-three-06.webp]
[cdn.prod.website-files.com/6760feb1dd836b3d80343455/6799c27c153899f64c8b438f_Testimonial-three-09.webp]
[cdn.prod.website-files.com/6760feb1dd836b3d80343455/js/webflow.1fb9683c.cc9a23e9e31b0a2a.js]
[teknify.webflow.io/home-three.html]
[cdn.prod.website-files.com/6760feb1dd836b3d80343455/678f34f9b98b4218c2d80677_servicce-banner-one-01.webp]
[cdn.prod.website-files.com/6760feb1dd836b3d80343455/678f34f9b98b4218c2d8067d_service-banner-one-02.webp]
[cdn.prod.website-files.com/6760feb1dd836b3d80343455/67a45537d84a41d1174e4660_service-one-dashboard.webp]
[cdn.prod.website-files.com/6760feb1dd836b3d80343455/67a2f9b6f666a70dcb14dce5_icon-card-three-01.svg]
[cdn.prod.website-files.com/6760feb1dd836b3d80343455/67a2f9b8defad2882ac53d8a_icon-card-three-02.svg]
[cdn.prod.website-files.com/6760feb1dd836b3d80343455/67a2f9bb1b93f4d1aa456998_icon-card-three-03.svg]
[cdn.prod.website-files.com/6760feb1dd836b3d80343455/67a2f9beac88828e155ff4d8_icon-card-three-04.svg]
[cdn.prod.website-files.com/6760feb1dd836b3d80343455/678f34f9b98b4218c2d8068b_why-choose-us-one-o01.webp]
[cdn.prod.website-files.com/6760feb1dd836b3d80343455/678f34f9b98b4218c2d8068f_why-choose-one-dasboard-o1.svg]
[cdn.prod.website-files.com/6760feb1dd836b3d80343455/678f34f9b98b4218c2d80692_our-mission-three-01.webp]
[cdn.prod.website-files.com/6760feb1dd836b3d80343455/678f34f9b98b4218c2d80696_our-mission-three-02.webp]
[cdn.prod.website-files.com/678f37f89474291552a5437d/679b0defd683fa01c732056e_blog-16.webp]
[cdn.prod.website-files.com/678f37f89474291552a5437d/679389034f4dbfd8318d47ef_Group 1000002182.svg]
[cdn.prod.website-files.com/6760feb1dd836b3d80343455/678f34f9b98b4218c2d8069e_blog-card-one-calender-icon.svg]
[teknify.webflow.io/blog-details/easy-ways-to-boost-your-technical-knowledge-over-time.html]
[cdn.prod.website-files.com/678f37f89474291552a5437d/679b0dd2fa36c18e501e5147_blog-17.webp]
[teknify.webflow.io/blog-details/practical-solutions-to-advance-your-tech-expertise-step-by-step.html]
[cdn.prod.website-files.com/678f37f89474291552a5437d/679b0d7c32a296154044103f_blog-18.webp]
[teknify.webflow.io/service-one.html]
[cdn.prod.website-files.com/6760feb1dd836b3d80343455/678f3b56c3ebba51aa52053c_service-two-banner-04.svg]
[cdn.prod.website-files.com/6760feb1dd836b3d80343455/678f3d83f91eaec34bd9abaa_service-two-banner-01.webp]
[cdn.prod.website-files.com/6760feb1dd836b3d80343455/678f3b56c3ebba51aa52052e_service-two-banner-01.svg]
[cdn.prod.website-files.com/6760feb1dd836b3d80343455/678f3b56c3ebba51aa52053b_service-two-banner-02.svg]
[cdn.prod.website-files.com/6760feb1dd836b3d80343455/678f3b56c3ebba51aa52053a_service-two-banner-icon-03.svg]
[cdn.prod.website-files.com/6760feb1dd836b3d80343455/678f3b56c3ebba51aa52053d_image-card-one-01.webp]
[cdn.prod.website-files.com/6760feb1dd836b3d80343455/678f3b56c3ebba51aa52053f_image-card-one-04.webp]
[cdn.prod.website-files.com/6760feb1dd836b3d80343455/678f3b56c3ebba51aa520540_image-card-one-03.webp]
[cdn.prod.website-files.com/6760feb1dd836b3d80343455/678f3b56c3ebba51aa52053e_image-card-one-02.webp]
[cdn.prod.website-files.com/6760feb1dd836b3d80343455/678f3b56c3ebba51aa520543_how-it-work-four-image.webp]
[cdn.prod.website-files.com/6760feb1dd836b3d80343455/678f3b56c3ebba51aa520546_acrodian-two-01.svg]
[cdn.prod.website-files.com/6760feb1dd836b3d80343455/678f3b56c3ebba51aa520547_acrodian-two-02.svg]
[cdn.prod.website-files.com/6760feb1dd836b3d80343455/678f3b56c3ebba51aa520548_acrodian-two-03.svg]
[cdn.prod.website-files.com/6760feb1dd836b3d80343455/678f2b7eb85697383776aa6a_icon-box-five-dark.svg]
[cdn.prod.website-files.com/6760feb1dd836b3d80343455/678f3b56c3ebba51aa52054b_our-mission-four-image-01.webp]
[cdn.prod.website-files.com/6760feb1dd836b3d80343455/678f3b56c3ebba51aa52054e_our-mission-four-02.svg]
[cdn.prod.website-files.com/6760feb1dd836b3d80343455/678f3b56c3ebba51aa520551_faq-two-01.webp]
[cdn.prod.website-files.com/6760feb1dd836b3d80343455/678f3b56c3ebba51aa520554_faq-two-02.svg]
[cdn.prod.website-files.com/6760feb1dd836b3d80343455/678f3b56c3ebba51aa520556_faq-two-03.webp]
[cdn.prod.website-files.com/6760feb1dd836b3d80343455/678f3b56c3ebba51aa520558_faq-two-04.webp]
[cdn.prod.website-files.com/678f37f89474291552a5437d/6797026fe5e6f92c07a2fe61_blog-6.webp]
[teknify.webflow.io/blog-details/achieve-new-levels-of-tech-mastery-with-simple-strategies.html]
[teknify.webflow.io/service-two.html]
[cdn.prod.website-files.com/6760feb1dd836b3d80343455/678f3f00fd8e7837259e1619_service-three-banner-01.webp]
[cdn.prod.website-files.com/6760feb1dd836b3d80343455/678f3f00fd8e7837259e1623_service-three-banner-image-04.webp]
[cdn.prod.website-files.com/6760feb1dd836b3d80343455/678f3f00fd8e7837259e1621_service-three-banner-image-03.webp]
[cdn.prod.website-files.com/6760feb1dd836b3d80343455/678f3f00fd8e7837259e1624_service-three-02.svg]
[cdn.prod.website-files.com/6760feb1dd836b3d80343455/678f34f9b98b4218c2d8067b_icon-card-three-02.svg]
[cdn.prod.website-files.com/6760feb1dd836b3d80343455/678f3f00fd8e7837259e1625_ai.svg]
[cdn.prod.website-files.com/6760feb1dd836b3d80343455/678f34f9b98b4218c2d80685_icon-card-three-03.svg]
[cdn.prod.website-files.com/6760feb1dd836b3d80343455/678f3f00fd8e7837259e1629_progress-three-circle-border.webp]
[cdn.prod.website-files.com/6760feb1dd836b3d80343455/678f3f00fd8e7837259e1626_progress-three-02.webp]
[cdn.prod.website-files.com/6760feb1dd836b3d80343455/678f3f00fd8e7837259e1615_progress-threee-03.webp]
[cdn.prod.website-files.com/6760feb1dd836b3d80343455/678f3f00fd8e7837259e1617_our-groth-three-01.svg]
[cdn.prod.website-files.com/6760feb1dd836b3d80343455/678f3f00fd8e7837259e162c_our-groth-three-02.svg]
[cdn.prod.website-files.com/6760feb1dd836b3d80343455/678f3f00fd8e7837259e162d_icon-box-nine-01.svg]
[cdn.prod.website-files.com/6760feb1dd836b3d80343455/678f3f00fd8e7837259e162e_acrodian-three-icon.svg]
[cdn.prod.website-files.com/6760feb1dd836b3d80343455/678f3f00fd8e7837259e1632_our-strategy-one-01.webp]
[cdn.prod.website-files.com/6760feb1dd836b3d80343455/678f3f00fd8e7837259e1636_our-strategy-one-image-02.webp]
[cdn.prod.website-files.com/6760feb1dd836b3d80343455/678f3f00fd8e7837259e1637_our-strategy-one-image-03.webp]
[teknify.webflow.io/service-three.html]
[cdn.prod.website-files.com/6760feb1dd836b3d80343455/678f30809d42f905711d559f_about-banner-01.webp]
[cdn.prod.website-files.com/6760feb1dd836b3d80343455/678f30809d42f905711d559a_about-banner-02 (1).webp]
[cdn.prod.website-files.com/6760feb1dd836b3d80343455/678f30809d42f905711d55ae_about-banner-04.webp]
[cdn.prod.website-files.com/6760feb1dd836b3d80343455/678f30809d42f905711d55a5_about-banner-03.webp]
[cdn.prod.website-files.com/6760feb1dd836b3d80343455/678f30809d42f905711d55a8_about-banner-05.webp]
[cdn.prod.website-files.com/6760feb1dd836b3d80343455/678f30809d42f905711d55aa_about-banner-06.svg]
[cdn.prod.website-files.com/6760feb1dd836b3d80343455/678f30809d42f905711d55ac_about-banner-line.svg]
[cdn.prod.website-files.com/6760feb1dd836b3d80343455/678f30809d42f905711d55ab_icon-card-nine-01.svg]
[cdn.prod.website-files.com/6760feb1dd836b3d80343455/678f30809d42f905711d55b0_icon-card-nine-02.svg]
[cdn.prod.website-files.com/6760feb1dd836b3d80343455/678f30809d42f905711d55b1_icon-card-nine-03.svg]
[cdn.prod.website-files.com/6760feb1dd836b3d80343455/679afc87b718593fe38ca0ed_Timeline-04.webp]
[cdn.prod.website-files.com/6760feb1dd836b3d80343455/679afc870050fa87367a10eb_Timeline 03.webp]
[cdn.prod.website-files.com/6760feb1dd836b3d80343455/679afc8727749c697986d4bf_Timeline-02.webp]
[cdn.prod.website-files.com/6760feb1dd836b3d80343455/679afc8630cc89c7e897cafb_Timeline-01.webp]
[cdn.prod.website-files.com/6760feb1dd836b3d80343455/679afc8727749c697986d4bb_Timeline-06.webp]
[cdn.prod.website-files.com/6760feb1dd836b3d80343455/679afc87f4ac1ca2bf5a376f_Timeline-05.webp]
[cdn.prod.website-files.com/6760feb1dd836b3d80343455/678f30809d42f905711d55b3_progress-two-01.webp]
[cdn.prod.website-files.com/6760feb1dd836b3d80343455/678f30809d42f905711d55bb_progress-two-03.webp]
[cdn.prod.website-files.com/6760feb1dd836b3d80343455/678f30809d42f905711d55b6_progress-two-02.webp]
[cdn.prod.website-files.com/6760feb1dd836b3d80343455/678f30809d42f905711d55be_progress-two-04.webp]
[cdn.prod.website-files.com/6760feb1dd836b3d80343455/678f30809d42f905711d55c0_chect-icon-white.svg]
[cdn.prod.website-files.com/6760feb1dd836b3d80343455/679b6df087fa9405339ab2bd_progress-two-line.svg]
[teknify.webflow.io/about-us.html]
[cdn.prod.website-files.com/6760feb1dd836b3d80343455/67bda7d23f07962859defef6_featuers-dashboard.webp]
[cdn.prod.website-files.com/6760feb1dd836b3d80343455/678f4142d038c96aaa0d7e7f_our-features-banner-01.webp]
[cdn.prod.website-files.com/6760feb1dd836b3d80343455/678f4142d038c96aaa0d7e84_our-features-02.webp]
[cdn.prod.website-files.com/6760feb1dd836b3d80343455/678f4142d038c96aaa0d7e87_our-features-banner-04.webp]
[cdn.prod.website-files.com/6760feb1dd836b3d80343455/678f4142d038c96aaa0d7e89_icon-box-six-06.svg]
[cdn.prod.website-files.com/6760feb1dd836b3d80343455/67a471f391cb3421bdc77bf9_featuers-dashboard.webp]
[cdn.prod.website-files.com/6760feb1dd836b3d80343455/67bda863642eb928fe2c4aa8_featuers-dashboard-bar.jpg]
[cdn.prod.website-files.com/6760feb1dd836b3d80343455/678f4142d038c96aaa0d7e96_our-growth-four-03.webp]
[cdn.prod.website-files.com/6760feb1dd836b3d80343455/678f4142d038c96aaa0d7e9b_why-choose-us-two-01,jpg.webp]
[cdn.prod.website-files.com/6760feb1dd836b3d80343455/678f4142d038c96aaa0d7ea1_why-choose-us-two-03.webp]
[cdn.prod.website-files.com/6760feb1dd836b3d80343455/67a4382b38768da32fe633c2_icon-card-two-01.svg]
[cdn.prod.website-files.com/6760feb1dd836b3d80343455/67a4383bf282f9027cd62950_icon-card-two-02.svg]
[cdn.prod.website-files.com/6760feb1dd836b3d80343455/67a4384e4b7782447dde432c_icon-card-two-03.svg]
[cdn.prod.website-files.com/6760feb1dd836b3d80343455/67a43b94c6ba9157cc0227f4_icon-card-two-04.svg]
[cdn.prod.website-files.com/6760feb1dd836b3d80343455/67a43bb240c75027d20adc1a_icon-card-two-05.svg]
[teknify.webflow.io/blog-details/effective-tactics-for-building-your-tech-skills-one-day-at-a-time.html]
[cdn.prod.website-files.com/678f37f89474291552a5437d/67970227951f938a350a4d59_blog-05.webp]
[teknify.webflow.io/blog-details/master-technology-with-consistent-and-easy-to-apply-techniques.html]
[cdn.prod.website-files.com/678f37f89474291552a5437d/679389d8891cb5a387b0d7ff_blog-o4.webp]
[teknify.webflow.io/features.html]
[cdn.prod.website-files.com/6760feb1dd836b3d80343455/67906d5de6e6c7f66a9bda27_check-01.svg]
[cdn.prod.website-files.com/6760feb1dd836b3d80343455/67906d5de6e6c7f66a9bda26_close-01.svg]
[cdn.prod.website-files.com/6760feb1dd836b3d80343455/67a45814d84a41d117515d14_.svg]
[cdn.prod.website-files.com/6760feb1dd836b3d80343455/67906d5de6e6c7f66a9bda29_pricing-one-infonmation-01.svg]
[teknify.webflow.io/pricing-one.html]
[cdn.prod.website-files.com/6760feb1dd836b3d80343455/679232f88103fddeb2656d7b_price-two-02.svg]
[cdn.prod.website-files.com/6760feb1dd836b3d80343455/679b372acaf044aaca256c1f_Group.svg]
[cdn.prod.website-files.com/6760feb1dd836b3d80343455/679b372e9b66b2004c85e276_Vector.svg]
[cdn.prod.website-files.com/6760feb1dd836b3d80343455/679b37303d5321753e3d17ee_Vector (1).svg]
[cdn.prod.website-files.com/6760feb1dd836b3d80343455/679b3a8c03dcbf0f7ea230f6_price-dash.svg]
[cdn.prod.website-files.com/6760feb1dd836b3d80343455/679b3a8f32074694952810d2_price-tick-011.svg]
[cdn.prod.website-files.com/6760feb1dd836b3d80343455/679232f88103fddeb2656d7a_testimonial-three-01.webp]
[cdn.prod.website-files.com/6760feb1dd836b3d80343455/679232f88103fddeb2656d79_Group 1000002305.svg]
[cdn.prod.website-files.com/6760feb1dd836b3d80343455/679232f88103fddeb2656d7c_testimonial-three-02.webp]
[cdn.prod.website-files.com/6760feb1dd836b3d80343455/679232f88103fddeb2656d80_testimonial-three-03.webp]
[cdn.prod.website-files.com/6760feb1dd836b3d80343455/679232f88103fddeb2656d78_left-arrow.svg]
[cdn.prod.website-files.com/6760feb1dd836b3d80343455/679232f88103fddeb2656d77_right-arrow.svg]
[cdn.prod.website-files.com/6760feb1dd836b3d80343455/js/webflow.2d590f81.81c2ab97bddfe55f.js]
[teknify.webflow.io/pricing-two.html]
[teknify.webflow.io/blog-one7151.html]
[cdn.prod.website-files.com/6760feb1dd836b3d80343455/679b19042a83a1d4b659dcc0_Group 131598 (1).svg]
[teknify.webflow.io/blog-one.html]
[cdn.prod.website-files.com/678f37f89474291552a5437d/679b0df3e93e5ccbfcd6a570_blog-15.webp]
[cdn.prod.website-files.com/678f37f89474291552a5437d/679b0dd5037f3d364acce8cd_blog-14.webp]
[cdn.prod.website-files.com/678f37f89474291552a5437d/679b0d89e93e5ccbfcd625a2_blog.13.webp]
[cdn.prod.website-files.com/678f37f89474291552a5437d/679702678b4331ecc45c2cd1_blog-11.webp]
[cdn.prod.website-files.com/678f37f89474291552a5437d/67970213a18f3d49c7f44cfa_blog-12.webp]
[cdn.prod.website-files.com/678f37f89474291552a5437d/679389decb4ec0152c0a823f_blog-10.webp]
[cdn.prod.website-files.com/678f37f89474291552a5437d/679389954f521e8b9bfbd3b2_blog-9.webp]
[teknify.webflow.io/blog-details/simple-strategies-to-improve-your-tech-expertise-every-day.html]
[cdn.prod.website-files.com/678f37f89474291552a5437d/67938936a24cb653266a9c47_blog-8.webp]
[teknify.webflow.io/blog-details/how-to-add-analytics-to-your-android-apps-and-service.html]
[cdn.prod.website-files.com/678f37f89474291552a5437d/679388e7f8c0b3bcd7c93d8d_blog-7.webp]
[teknify.webflow.io/blog-details/high-performance-web-tools-for-a-seamless-workflow.html]
[teknify.webflow.io/blog-two.html]
[cdn.prod.website-files.com/678f37f89474291552a5437d/679b149b744aac6c0a148f56_Author-09.webp]
[cdn.prod.website-files.com/678f37f89474291552a5437d/679b146aa2ba7373ac23d91d_Author-08.webp]
[cdn.prod.website-files.com/678f37f89474291552a5437d/679b1430d683fa01c737de6a_Author-06.webp]
[cdn.prod.website-files.com/678f37f89474291552a5437d/679b13ce846838c8cecfe9c6_Author-07.webp]
[cdn.prod.website-files.com/678f37f89474291552a5437d/67a1cd33c05d6aeb54a81064_Author-05.webp]
[cdn.prod.website-files.com/678f37f89474291552a5437d/679b1336551726273f463e89_Author-04.webp]
[cdn.prod.website-files.com/678f37f89474291552a5437d/679389b1a2bf6bae334a3efc_blog-03.webp]
[cdn.prod.website-files.com/678f37f89474291552a5437d/67a1cdd3f3e85c5e0bffa1bd_Author-03.webp]
[cdn.prod.website-files.com/678f37f89474291552a5437d/6793894ffae895d10c08e2eb_Blog-01.webp]
[cdn.prod.website-files.com/678f37f89474291552a5437d/67a1cd96d642a06c25a15b5b_Author-02.webp]
[cdn.prod.website-files.com/678f37f89474291552a5437d/679388f7a76ee1d13ca8c84a_blog-02.webp]
[cdn.prod.website-files.com/678f37f89474291552a5437d/679b12b3fd52f567438d07d7_Author-01.webp]
[teknify.webflow.io/blog-three.html]
[teknify.webflow.io/blog-details/smart-techniques-to-strengthen-your-tech-abilities-every-day.html]
[cdn.prod.website-files.com/678f37f89474291552a5437d/679c89bf7f96c23ec6d1cb12_679c7b6dfc527c2e491869c3_blog-details-image%20(1).webp]
[cdn.prod.website-files.com/6760feb1dd836b3d80343455/67923b63e95e41177f637c43_icon-box-01.svg]
[cdn.prod.website-files.com/6760feb1dd836b3d80343455/67923b63e95e41177f637c44_icon-box-ten-02.svg]
[cdn.prod.website-files.com/6760feb1dd836b3d80343455/67923b63e95e41177f637c45_icon-box-ten-03.svg]
[teknify.webflow.io/contact-one.html]
[cdn.prod.website-files.com/6760feb1dd836b3d80343455/6793102b83c825a21df04ccc_contact-us-three-02.webp]
[cdn.prod.website-files.com/6760feb1dd836b3d80343455/67930fde36a433ce7463fe1c_contact-us-three-01.webp]
[cdn.prod.website-files.com/6760feb1dd836b3d80343455/67930cdd02034a92327cc48c_contact-us-three-03.svg]
[cdn.prod.website-files.com/6760feb1dd836b3d80343455/67930ce2bc09ffcf563d3cbe_contact-us-three-04.svg]
[teknify.webflow.io/contact-two.html]
[teknify.webflow.io/contact-three.html]
[cdn.prod.website-files.com/6760feb1dd836b3d80343455/67931860c28ab81796404d81_mail-icon.svg]
[cdn.prod.website-files.com/6760feb1dd836b3d80343455/6793523bd1e68ec9a1415f93_Group 1000002307.svg]
[cdn.prod.website-files.com/6760feb1dd836b3d80343455/6793568be0ad80ccddfcd6a0_icon-card-ten-02.svg]
[cdn.prod.website-files.com/6760feb1dd836b3d80343455/679355d21cb9d0d09532af6f_icon-card-ten-03.svg]
[cdn.prod.website-files.com/6760feb1dd836b3d80343455/679355d9e6056f31a43973e8_icon-card-ten-05.svg]
[cdn.prod.website-files.com/6760feb1dd836b3d80343455/679355dbfe7af37091bf6f79_icon-card-ten-06.svg]
[cdn.prod.website-files.com/6760feb1dd836b3d80343455/679355d7780010b24fc6b840_icon-card-ten-04.svg]
[cdn.prod.website-files.com/6760feb1dd836b3d80343455/67935e4d2f2022164f7054cb_main image section.webp]
[cdn.prod.website-files.com/6760feb1dd836b3d80343455/679361426cd38847363e2f3a_de81612c3f65917d5757f684c0780fbd_knowledge-base-form-image.webp]
[teknify.webflow.io/knowledge-base.html]
[teknify.webflow.io/knowledge-base/what-are-the-key-benefits-of-automation.html]
[teknify.webflow.io/knowledge-base/how-do-cloud-services-enhance-productivity.html]
[teknify.webflow.io/knowledge-base/how-can-technology-improve-business-efficiency.html]
[teknify.webflow.io/knowledge-base/how-does-ai-improve-customer-experience.html]
[teknify.webflow.io/knowledge-base-category.html]
[teknify.webflow.io/knowledge-base/what-are-the-applications-of-biometric-technology.html]
[cdn.prod.website-files.com/678f37f89474291552a5437d/679c7949ffd30a9b3cf548b6_knowledge-image-01.webp]
[cdn.prod.website-files.com/678f37f89474291552a5437d/679c794e6e658672e63ab780_knowledge-image-02.webp]
[teknify.webflow.io/knowledge-base/what-is-the-role-of-ai-in-predictive-analytics.html]
[teknify.webflow.io/401.html]
[cdn.prod.website-files.com/6760feb1dd836b3d80343455/679c9c589393f1b85790c88c_icon.svg]
[teknify.webflow.io/404.html]
[teknify.webflow.io/product/standard-plan.html]
[teknify.webflow.io/product/premium-plan.html]
[teknify.webflow.io/checkout.html]
[cdn.prod.website-files.com/6760feb1dd836b3d80343455/679c920cdd83c2c4602377c8_404.svg]
[cdn.prod.website-files.com/6760feb1dd836b3d80343455/67ac46da774ae9ae33fdda78_white-logo.svg]
[cdn.prod.website-files.com/6760feb1dd836b3d80343455/67a9dea01bdac943994761e0_nav-arrow-white.svg]
[cdn.prod.website-files.com/6760feb1dd836b3d80343455/67bc6b2bccb96fa216d19638_white-cart.svg]
[img.freepik.com/free-photo/confident-young-woman-with-brown-hair-looking-camera-indoors-generated-by-artificial-intelligence_25030-67362.jpg]
[teknify.webflow.io/license.html]
[teknify.webflow.io/changelog.html]
[cdn.prod.website-files.com/6760feb1dd836b3d80343455/67a042622340e95fc4df9241_Frame.svg]
[cdn.prod.website-files.com/6760feb1dd836b3d80343455/67a042622340e95fc4df9242_Group 407.svg]
[cdn.prod.website-files.com/6760feb1dd836b3d80343455/67a042622340e95fc4df923c_Shadow.svg]
[cdn.prod.website-files.com/6760feb1dd836b3d80343455/67a042622340e95fc4df9243_Vector 2-3.svg]
[cdn.prod.website-files.com/6760feb1dd836b3d80343455/67a042622340e95fc4df9246_Buttons-2.svg]
[cdn.prod.website-files.com/6760feb1dd836b3d80343455/67a042622340e95fc4df9245_List.svg]
[cdn.prod.website-files.com/6760feb1dd836b3d80343455/67a042622340e95fc4df923d_Icon-16.svg]
[cdn.prod.website-files.com/6760feb1dd836b3d80343455/679706946067c19e4528a2f3_Linkedin Icon.svg]
[cdn.prod.website-files.com/6760feb1dd836b3d80343455/679237cb860988deee81355c_contact-one-02.svg]
[cdn.prod.website-files.com/6760feb1dd836b3d80343455/67a042622340e95fc4df9244_Avatar Outline.svg]
[cdn.prod.website-files.com/6760feb1dd836b3d80343455/67a0494501a2d1392a197ea3_Author-09.webp]
[cdn.prod.website-files.com/6760feb1dd836b3d80343455/67a042622340e95fc4df923e_Placeholder icon.svg]
[cdn.prod.website-files.com/6760feb1dd836b3d80343455/67a042622340e95fc4df9240_Rich Text.svg]
[cdn.prod.website-files.com/6760feb1dd836b3d80343455/67a049938904518cb742c1f2_blog-details-image.webp]
[teknify.webflow.io/style-guide.html]
[teknify.webflow.io/blog-details/easy-ways-to-boost-your-technical-knowledge-over-time.html]
[teknify.webflow.io/blog-details/practical-solutions-to-advance-your-tech-expertise-step-by-step.html]
[teknify.webflow.io/blog-details/achieve-new-levels-of-tech-mastery-with-simple-strategies.html]
[teknify.webflow.io/blog-details/effective-tactics-for-building-your-tech-skills-one-day-at-a-time.html]
[teknify.webflow.io/blog-details/master-technology-with-consistent-and-easy-to-apply-techniques.html]
[cdn.prod.website-files.com/6760feb1dd836b3d80343455/679b1909d1184772d7c037b3_Group 131598.svg]
[teknify.webflow.io/blog-one7151.html]
[teknify.webflow.io/blog-details/simple-strategies-to-improve-your-tech-expertise-every-day.html]
[teknify.webflow.io/blog-details/how-to-add-analytics-to-your-android-apps-and-service.html]
[teknify.webflow.io/blog-details/high-performance-web-tools-for-a-seamless-workflow.html]
[teknify.webflow.io/knowledge-base/what-are-the-key-benefits-of-automation.html]
[teknify.webflow.io/knowledge-base/how-do-cloud-services-enhance-productivity.html]
[teknify.webflow.io/knowledge-base/how-can-technology-improve-business-efficiency.html]
[teknify.webflow.io/knowledge-base/how-does-ai-improve-customer-experience.html]
[teknify.webflow.io/knowledge-base/what-are-the-applications-of-biometric-technology.html]
[teknify.webflow.io/index.html]
[teknify.webflow.io/blog-one6f18.html]
[ajax.googleapis.com/ajax/libs/webfont/1.6.26/webfont.js]
[cdn.prod.website-files.com/6760feb1dd836b3d80343455/67bd607ebe90684a99368b3e_256x256  favicon (1).jpg]
[cdn.prod.website-files.com/6760feb1dd836b3d80343455/67ac66e8acd413cd9794d3ba_home-two-dashboard.webp]
[cdn.prod.website-files.com/6760feb1dd836b3d80343455/67ac5b9fb9d04d9f75c9a259_phone-rotate.webp]
[cdn.prod.website-files.com/6760feb1dd836b3d80343455/678f26e520066524c85c571b_hero-two-03.webp]
[d3e54v103j8qbb.cloudfront.net/js/jquery-3.5.1.min.dc5e7f18c8fd3a.js]
[cdn.prod.website-files.com/6760feb1dd836b3d80343455/678f26e520066524c85c5707_underline.svg]
[cdn.prod.website-files.com/6760feb1dd836b3d80343455/678f2b7eb85697383776aa89_send-icon.svg]
[cdn.prod.website-files.com/6760feb1dd836b3d80343455/678f2b7eb85697383776aa92_cta-two-line.svg]
[cdn.prod.website-files.com/6760feb1dd836b3d80343455/678f2b7eb85697383776aa69_features-one-circle.svg]
[cdn.prod.website-files.com/6760feb1dd836b3d80343455/678f34f9b98b4218c2d80682_service-banner-image-bg.svg]
[cdn.prod.website-files.com/6760feb1dd836b3d80343455/js/webflow.schunk.148d3795dd38d54f.js]
[cdn.prod.website-files.com/6760feb1dd836b3d80343455/js/webflow.schunk.0e77e8610c42c2bf.js]
[cdn.prod.website-files.com/6760feb1dd836b3d80343455/6798811ebad9c1bddad71ea8_Mission-one-01.webp]
[cdn.prod.website-files.com/6760feb1dd836b3d80343455/js/webflow.schunk.4b2c3a985638a652.js]
[cdn.prod.website-files.com/6760feb1dd836b3d80343455/67971c5d48db3f2c1b863489_Market strategy-bg.svg]
[cdn.prod.website-files.com/6760feb1dd836b3d80343455/js/webflow.02c329dd.cf0b2361dc87fa44.js]
[cdn.prod.website-files.com/6760feb1dd836b3d80343455/679856425177212e5dc0947a_Home-one-dasboard-one.webp]
[cdn.prod.website-files.com/6760feb1dd836b3d80343455/678f23e317c1960451a081cc_how-it-work-one-01.webp]
[cdn.prod.website-files.com/6760feb1dd836b3d80343455/67a1f539af1f9e3e649f4159_shop-01.webp]
[cdn.prod.website-files.com/6760feb1dd836b3d80343455/678f2b7eb85697383776aa8b_cta-two-05.webp]
[cdn.prod.website-files.com/6760feb1dd836b3d80343455/678f2b7eb85697383776aa8f_cta-two-02.webp]
[cdn.prod.website-files.com/6760feb1dd836b3d80343455/679a23965076ea64cfb375fa_Shape-one.svg]
[cdn.prod.website-files.com/6760feb1dd836b3d80343455/67adbd16fda6b3f83a3cdc2b_home-three-dashboard.webp]
[cdn.prod.website-files.com/6760feb1dd836b3d80343455/678f34f9b98b4218c2d80692_our-mission-three-01.webp]
[cdn.prod.website-files.com/6760feb1dd836b3d80343455/678f34f9b98b4218c2d8068b_why-choose-us-one-o01.webp]
[cdn.prod.website-files.com/6760feb1dd836b3d80343455/678f34f9b98b4218c2d80696_our-mission-three-02.webp]
[cdn.prod.website-files.com/678f37f89474291552a5437d/679b0defd683fa01c732056e_blog-16.webp]
[cdn.prod.website-files.com/678f37f89474291552a5437d/679b0dd2fa36c18e501e5147_blog-17.webp]
[cdn.prod.website-files.com/678f37f89474291552a5437d/679b0d7c32a296154044103f_blog-18.webp]
[cdn.prod.website-files.com/6760feb1dd836b3d80343455/679a2460b1f7c76486b63059_Shape-two.svg]
[cdn.prod.website-files.com/6760feb1dd836b3d80343455/678f3d83f91eaec34bd9abaa_service-two-banner-01.webp]
[cdn.prod.website-files.com/6760feb1dd836b3d80343455/678f3b56c3ebba51aa520543_how-it-work-four-image.webp]
[cdn.prod.website-files.com/6760feb1dd836b3d80343455/678f3b56c3ebba51aa52054b_our-mission-four-image-01.webp]
[cdn.prod.website-files.com/6760feb1dd836b3d80343455/679c9fafbb4fc8f352f100fc_paper-plain.svg]
[cdn.prod.website-files.com/678f37f89474291552a5437d/6797026fe5e6f92c07a2fe61_blog-6.webp]
[cdn.prod.website-files.com/6760feb1dd836b3d80343455/678f3f00fd8e7837259e1619_service-three-banner-01.webp]
[cdn.prod.website-files.com/6760feb1dd836b3d80343455/678f3b56c3ebba51aa520551_faq-two-01.webp]
[cdn.prod.website-files.com/6760feb1dd836b3d80343455/css/teknify.webflow.shared.9fa2e168b.css]
[cdn.prod.website-files.com/6760feb1dd836b3d80343455/67bdb3076ed1b22ac4c9f82b_Icon.svg]
[teknify.webflow.io/product/basic-plan.html]
[cdn.prod.website-files.com/6760feb1dd836b3d80343455/678f30809d42f905711d559f_about-banner-01.webp]
[cdn.prod.website-files.com/6760feb1dd836b3d80343455/678f30809d42f905711d55ae_about-banner-04.webp]
[cdn.prod.website-files.com/6760feb1dd836b3d80343455/67a9dea076bdf7b64318fbf6_nav-arrow-dark.svg]
[cdn.prod.website-files.com/6760feb1dd836b3d80343455/678f30809d42f905711d559a_about-banner-02 (1).webp]
[cdn.prod.website-files.com/6760feb1dd836b3d80343455/67bd671b0b5898355b38baae_menu-about-icon.svg]
[cdn.prod.website-files.com/6760feb1dd836b3d80343455/678f3f00fd8e7837259e1629_progress-three-circle-border.webp]
[cdn.prod.website-files.com/6760feb1dd836b3d80343455/67bd6c13888505353582df31_menu-service-icon.svg]
[cdn.prod.website-files.com/6760feb1dd836b3d80343455/679afc8727749c697986d4bf_Timeline-02.webp]
[cdn.prod.website-files.com/6760feb1dd836b3d80343455/67bd6c13be90684a99426cad_menu-features-icon.svg]
[cdn.prod.website-files.com/6760feb1dd836b3d80343455/679afc87b718593fe38ca0ed_Timeline-04.webp]
[cdn.prod.website-files.com/6760feb1dd836b3d80343455/67bd6c13978ca876ce16d143_menu-pricing-icon.svg]
[cdn.prod.website-files.com/6760feb1dd836b3d80343455/678f4142d038c96aaa0d7e7f_our-features-banner-01.webp]
[cdn.prod.website-files.com/6760feb1dd836b3d80343455/67bd6c13d59ccab1f56f37a0_menu-blog-icon.svg]
[cdn.prod.website-files.com/6760feb1dd836b3d80343455/679afc8727749c697986d4bb_Timeline-06.webp]
[cdn.prod.website-files.com/6760feb1dd836b3d80343455/67bd6c130a9390669cbe26f0_menu-contact-icon.svg]
[cdn.prod.website-files.com/6760feb1dd836b3d80343455/678f4142d038c96aaa0d7e84_our-features-02.webp]
[cdn.prod.website-files.com/6760feb1dd836b3d80343455/67bd6c13f76785bccea78c92_menu-knowledge-icon.svg]
[cdn.prod.website-files.com/6760feb1dd836b3d80343455/67bda863642eb928fe2c4aa8_featuers-dashboard-bar.jpg]
[cdn.prod.website-files.com/6760feb1dd836b3d80343455/67bd6c13d718569c96b49301_menu-password-icon.svg]
[cdn.prod.website-files.com/6760feb1dd836b3d80343455/678f4142d038c96aaa0d7e9b_why-choose-us-two-01,jpg.webp]
[cdn.prod.website-files.com/6760feb1dd836b3d80343455/678f4142d038c96aaa0d7ea1_why-choose-us-two-03.webp]
[cdn.prod.website-files.com/6760feb1dd836b3d80343455/67bd6c1359fb39f68e317cab_menu-404-icon.svg]
[cdn.prod.website-files.com/678f37f89474291552a5437d/679389d8891cb5a387b0d7ff_blog-o4.webp]
[cdn.prod.website-files.com/6760feb1dd836b3d80343455/67bd6a7e47b16edd7d7f3344_mega-menu-arrow.svg]
[cdn.prod.website-files.com/6760feb1dd836b3d80343455/679232f88103fddeb2656d7a_testimonial-three-01.webp]
[cdn.prod.website-files.com/6760feb1dd836b3d80343455/67a9f3bb2c2d5ba8479ac412_footer-white.svg]
[cdn.prod.website-files.com/6760feb1dd836b3d80343455/679232f88103fddeb2656d7c_testimonial-three-02.webp]
[cdn.prod.website-files.com/6760feb1dd836b3d80343455/678f26e520066524c85c5724_arrow-white.svg]
[cdn.prod.website-files.com/678f37f89474291552a5437d/67970227951f938a350a4d59_blog-05.webp]
[cdn.prod.website-files.com/6760feb1dd836b3d80343455/679237cb860988deee81355a_arrow-dark.svg]
[cdn.prod.website-files.com/678f37f89474291552a5437d/67a1cd96d642a06c25a15b5b_Author-02.webp]
[cdn.prod.website-files.com/6760feb1dd836b3d80343455/67a9862260737a97d9ff5332_cart-black-icon.svg]
[cdn.prod.website-files.com/678f37f89474291552a5437d/67a1cdd3f3e85c5e0bffa1bd_Author-03.webp]
[cdn.prod.website-files.com/678f37f89474291552a5437d/6793894ffae895d10c08e2eb_Blog-01.webp]
[cdn.prod.website-files.com/678f37f89474291552a5437d/679389b1a2bf6bae334a3efc_blog-03.webp]
[cdn.prod.website-files.com/678f37f89474291552a5437d/679b12b3fd52f567438d07d7_Author-01.webp]
[cdn.prod.website-files.com/678f37f89474291552a5437d/679388f7a76ee1d13ca8c84a_blog-02.webp]
[cdn.prod.website-files.com/6760feb1dd836b3d80343455/67ac5eb887947ee5137dd524_card-one.webp]
[cdn.prod.website-files.com/678f37f89474291552a5437d/679c89bf7f96c23ec6d1cb12_679c7b6dfc527c2e491869c3_blog-details-image%20(1).webp]
[cdn.prod.website-files.com/6760feb1dd836b3d80343455/678f26e520066524c85c5708_play-icon-01.svg]
[cdn.prod.website-files.com/6760feb1dd836b3d80343455/67930fde36a433ce7463fe1c_contact-us-three-01.webp]
[cdn.prod.website-files.com/6760feb1dd836b3d80343455/678f26e520066524c85c5704_client-two-01.svg]
[cdn.prod.website-files.com/6760feb1dd836b3d80343455/67935e4d2f2022164f7054cb_main image section.webp]
[cdn.prod.website-files.com/6760feb1dd836b3d80343455/678f26e520066524c85c5706_client-two-02.svg]
[img.freepik.com/free-photo/confident-young-woman-with-brown-hair-looking-camera-indoors-generated-by-artificial-intelligence_25030-67362.jpg]
[cdn.prod.website-files.com/6760feb1dd836b3d80343455/678f26e520066524c85c571d_client-two-03.svg]
[cdn.prod.website-files.com/6760feb1dd836b3d80343455/679361426cd38847363e2f3a_de81612c3f65917d5757f684c0780fbd_knowledge-base-form-image.webp]
[cdn.prod.website-files.com/6760feb1dd836b3d80343455/678f26e520066524c85c571e_client-two-04.svg]
[cdn.prod.website-files.com/6760feb1dd836b3d80343455/67adb283223de4c073edb250_client-two-review.svg]
[cdn.prod.website-files.com/6760feb1dd836b3d80343455/678f26e520066524c85c571f_client-two-05.svg]
[cdn.prod.website-files.com/6760feb1dd836b3d80343455/67987070b99a8553f291851e_icon-box-two-01.svg]
[cdn.prod.website-files.com/6760feb1dd836b3d80343455/6798707b5238cf01e14c038f_icon-box-two-02.svg]
[cdn.prod.website-files.com/6760feb1dd836b3d80343455/67987095c07132fc15d2b39b_icon-box-two-03.svg]
[cdn.prod.website-files.com/6760feb1dd836b3d80343455/67987097051c640daea41054_icon-box-two-04.svg]
[cdn.prod.website-files.com/6760feb1dd836b3d80343455/678f26e520066524c85c5725_Group 1000002281.svg]
[cdn.prod.website-files.com/6760feb1dd836b3d80343455/678f26e520066524c85c5732_how-it-work-image-line.svg]
[cdn.prod.website-files.com/6760feb1dd836b3d80343455/678f26e520066524c85c5733_how-it-work-two-icon.svg]
[cdn.prod.website-files.com/6760feb1dd836b3d80343455/678f26e520066524c85c5734_Our Success one-03.svg]
[cdn.prod.website-files.com/6760feb1dd836b3d80343455/678f26e520066524c85c5735_Our Success one-02.svg]
[cdn.prod.website-files.com/6760feb1dd836b3d80343455/678f26e520066524c85c5736_Our Success one-01.svg]
[cdn.prod.website-files.com/6760feb1dd836b3d80343455/678f26e520066524c85c5737_check-icon-one.svg]
[cdn.prod.website-files.com/678f37f89474291552a5437d/679c7949ffd30a9b3cf548b6_knowledge-image-01.webp]
[cdn.prod.website-files.com/678f37f89474291552a5437d/679c794e6e658672e63ab780_knowledge-image-02.webp]
[cdn.prod.website-files.com/6760feb1dd836b3d80343455/67a049938904518cb742c1f2_blog-details-image.webp]
[cdn.prod.website-files.com/6760feb1dd836b3d80343455/6798815a7c0c59a3af8efa73_mission-two-02.webp]
[cdn.prod.website-files.com/6760feb1dd836b3d80343455/678f26e520066524c85c574c_our-strength- 03.svg]
[cdn.prod.website-files.com/6760feb1dd836b3d80343455/678f26e520066524c85c574d_star-01.svg]
[cdn.prod.website-files.com/6760feb1dd836b3d80343455/679c5a20322c8a8bec3f0845_brand-facebook.svg]
[cdn.prod.website-files.com/6760feb1dd836b3d80343455/6798ac096bf794f8a1ecf398_twiter-x-02.svg]
[cdn.prod.website-files.com/6760feb1dd836b3d80343455/6798ac05d1d35ecb4dd17a80_linkdin-02.svg]
[cdn.prod.website-files.com/6760feb1dd836b3d80343455/6798ac0de373f919c4ad66d9_instagram-0.2.svg]
[cdn.prod.website-files.com/6760feb1dd836b3d80343455/679c4f7d29ee86487339e91f_pointer.svg]
[cdn.prod.website-files.com/6760feb1dd836b3d80343455/679c4f79934bba3b70f0e490_call.svg]
[cdn.prod.website-files.com/6760feb1dd836b3d80343455/679c4f72ec2f4b60fba5cdd2_Email.svg]
[cdn.prod.website-files.com/6760feb1dd836b3d80343455/682ef4a88cdfb01c38406761_boxicon.svg]
[cdn.prod.website-files.com/6760feb1dd836b3d80343455/682ef4a88cdfb01c3840675b_white icon.svg]
[cdn.prod.website-files.com/6760feb1dd836b3d80343455/682ef4a88cdfb01c3840675c_box-main.svg]
[cdn.prod.website-files.com/6760feb1dd836b3d80343455/67a9814c1c71236b3c833af3_cart-icon-01.svg]
[cdn.prod.website-files.com/6760feb1dd836b3d80343455/679232f88103fddeb2656d76_price-two-01.svg]
[cdn.prod.website-files.com/6760feb1dd836b3d80343455/6799d17d0270986cb35b8cfa_footer-three-arrow.svg]
[cdn.prod.website-files.com/6760feb1dd836b3d80343455/6798ab4b9e299e1fb03513b6_facebook.svg]
[cdn.prod.website-files.com/6760feb1dd836b3d80343455/6799fb9857cba693b35b168f_Hero-one-dasboard-02.webp]
[cdn.prod.website-files.com/6760feb1dd836b3d80343455/678f23e317c1960451a081ab_arrow-02.svg]
[cdn.prod.website-files.com/6760feb1dd836b3d80343455/678f23e317c1960451a081ac_arrow-01.svg]
[cdn.prod.website-files.com/6760feb1dd836b3d80343455/678f23e317c1960451a081ba_client-01.svg]
[cdn.prod.website-files.com/6760feb1dd836b3d80343455/678f23e317c1960451a081b9_client-02.svg]
[cdn.prod.website-files.com/6760feb1dd836b3d80343455/678f23e317c1960451a081bb_bdd28d01d927e8894cd9d9e16e66f497_client-03.svg]
[cdn.prod.website-files.com/6760feb1dd836b3d80343455/678f23e317c1960451a081bc_client-04.svg]
[cdn.prod.website-files.com/6760feb1dd836b3d80343455/678f23e317c1960451a081bd_client-05.svg]
[cdn.prod.website-files.com/6760feb1dd836b3d80343455/678f23e317c1960451a081be_check-icon-01.svg]
[cdn.prod.website-files.com/6760feb1dd836b3d80343455/678f23e317c1960451a081c1_Ellipse 02.svg]
[cdn.prod.website-files.com/6760feb1dd836b3d80343455/678f23e317c1960451a081c0_Ellipse 03.svg]
[cdn.prod.website-files.com/6760feb1dd836b3d80343455/678f23e317c1960451a081bf_Ellipse-01.svg]
[cdn.prod.website-files.com/6760feb1dd836b3d80343455/678f23e317c1960451a081c2_market-one-01.svg]
[cdn.prod.website-files.com/6760feb1dd836b3d80343455/678f23e317c1960451a081c3_market-one-02.svg]
[cdn.prod.website-files.com/6760feb1dd836b3d80343455/678f23e317c1960451a081c4_market-one-03.svg]
[cdn.prod.website-files.com/6760feb1dd836b3d80343455/678f23e317c1960451a081c6_business-one-01.svg]
[cdn.prod.website-files.com/6760feb1dd836b3d80343455/678f23e317c1960451a081c7_business-one-02.svg]
[cdn.prod.website-files.com/6760feb1dd836b3d80343455/678f23e317c1960451a081c8_business-one-03.svg]
[cdn.prod.website-files.com/6760feb1dd836b3d80343455/678f34f9b98b4218c2d80683_icon-card-three-01.svg]
[cdn.prod.website-files.com/6760feb1dd836b3d80343455/67933ca1de12d4ba955d9ce3_business-one-05.svg]
[cdn.prod.website-files.com/6760feb1dd836b3d80343455/678f23e317c1960451a081c9_how-it-work-icon-01.svg]
[cdn.prod.website-files.com/6760feb1dd836b3d80343455/678f23e317c1960451a081ca_how-it-work-icon-02.svg]
[cdn.prod.website-files.com/6760feb1dd836b3d80343455/678f23e317c1960451a081cf_how-it-work-o2.webp]
[cdn.prod.website-files.com/6760feb1dd836b3d80343455/6793312a71e6148615ae866a_ring-icon-01.svg]
[cdn.prod.website-files.com/6760feb1dd836b3d80343455/67bf04d8b304c6fce7dd3540_white-tick.svg]
[cdn.prod.website-files.com/6760feb1dd836b3d80343455/678f2b7eb85697383776aa5b_service-section-two-04.svg]
[cdn.prod.website-files.com/6760feb1dd836b3d80343455/67ac8ff81c41928a0f19f2b8_home-three-board-011.webp]
[cdn.prod.website-files.com/6760feb1dd836b3d80343455/678f2b7eb85697383776aa60_hero-three-icon.svg]
[cdn.prod.website-files.com/6760feb1dd836b3d80343455/678f2b7eb85697383776aa57_service-two-03.svg]
[cdn.prod.website-files.com/6760feb1dd836b3d80343455/678f2b7eb85697383776aa58_service-section-two-01.svg]
[cdn.prod.website-files.com/6760feb1dd836b3d80343455/678f2b7eb85697383776aa59_service-section-two-02.svg]
[cdn.prod.website-files.com/6760feb1dd836b3d80343455/678f2b7eb85697383776aa5a_service-section-two-03.svg]
[cdn.prod.website-files.com/6760feb1dd836b3d80343455/678f2b7eb85697383776aa5c_service-section-two-bacground-line.svg]
[cdn.prod.website-files.com/6760feb1dd836b3d80343455/6798c5d37e12990f3b5b2387_icon-card-four-01.svg]
[cdn.prod.website-files.com/6760feb1dd836b3d80343455/6798c5d78665a01b8596f1ae_icon-card-four-02.svg]
[cdn.prod.website-files.com/6760feb1dd836b3d80343455/6798c5da81f66b19eba42548_icon-card-four-03.svg]
[cdn.prod.website-files.com/6760feb1dd836b3d80343455/67906d5de6e6c7f66a9bda28_check-02.svg]
[cdn.prod.website-files.com/6760feb1dd836b3d80343455/678f2b7eb85697383776aa6b_Our Features one 02.svg]
[cdn.prod.website-files.com/6760feb1dd836b3d80343455/678f2b7eb85697383776aa6c_Our Features one 01.svg]
[cdn.prod.website-files.com/6760feb1dd836b3d80343455/678f2b7eb85697383776aa6d_Our Features one 03.svg]
[cdn.prod.website-files.com/6760feb1dd836b3d80343455/678f2b7eb85697383776aa6e_icon-box-seven-01.svg]
[cdn.prod.website-files.com/6760feb1dd836b3d80343455/678f2b7eb85697383776aa6f_icon-box-seven-02.svg]
[cdn.prod.website-files.com/6760feb1dd836b3d80343455/678f2b7eb85697383776aa7a_how-it-work-three-bg-line.svg]
[cdn.prod.website-files.com/6760feb1dd836b3d80343455/678f2b7eb85697383776aa80_Market strategy-two-04.svg]
[cdn.prod.website-files.com/6760feb1dd836b3d80343455/678f2b7eb85697383776aa81_icon-card-eight-icon-01.svg]
[cdn.prod.website-files.com/6760feb1dd836b3d80343455/678f2b7eb85697383776aa82_icon-card-eight-icon-02.svg]
[cdn.prod.website-files.com/6760feb1dd836b3d80343455/678f2b7eb85697383776aa91_icon-card-eight-icon-03.svg]
[cdn.prod.website-files.com/6760feb1dd836b3d80343455/678f2b7eb85697383776aa83_our growth-02.svg]
[cdn.prod.website-files.com/6760feb1dd836b3d80343455/67a9baf1be4eb9d2efa7f390_circle-two.svg]
[cdn.prod.website-files.com/6760feb1dd836b3d80343455/678f2b7eb85697383776aa88_icon-box-eight-01.svg]
[cdn.prod.website-files.com/6760feb1dd836b3d80343455/67a09b65131b9118cdd61890_icon-box-eight-02.svg]
[cdn.prod.website-files.com/6760feb1dd836b3d80343455/678f2b7eb85697383776aa8e_cta-two-03.webp]
[cdn.prod.website-files.com/6760feb1dd836b3d80343455/678f26e520066524c85c574e_star-02.svg]
[cdn.prod.website-files.com/6760feb1dd836b3d80343455/67a2f9b6f666a70dcb14dce5_icon-card-three-01.svg]
[cdn.prod.website-files.com/6760feb1dd836b3d80343455/67a2f9b8defad2882ac53d8a_icon-card-three-02.svg]
[cdn.prod.website-files.com/6760feb1dd836b3d80343455/67a2f9bb1b93f4d1aa456998_icon-card-three-03.svg]
[cdn.prod.website-files.com/6760feb1dd836b3d80343455/67a2f9beac88828e155ff4d8_icon-card-three-04.svg]
[cdn.prod.website-files.com/6760feb1dd836b3d80343455/678f34f9b98b4218c2d8068f_why-choose-one-dasboard-o1.svg]
[cdn.prod.website-files.com/678f37f89474291552a5437d/679389034f4dbfd8318d47ef_Group 1000002182.svg]
[cdn.prod.website-files.com/6760feb1dd836b3d80343455/678f34f9b98b4218c2d8069e_blog-card-one-calender-icon.svg]
[teknify.webflow.io/blog-details/practical-solutions-to-advance-your-tech-expertise-step-by-step.html]
[cdn.prod.website-files.com/6760feb1dd836b3d80343455/678f3b56c3ebba51aa52053c_service-two-banner-04.svg]
[cdn.prod.website-files.com/6760feb1dd836b3d80343455/678f3b56c3ebba51aa52052e_service-two-banner-01.svg]
[cdn.prod.website-files.com/6760feb1dd836b3d80343455/678f3b56c3ebba51aa52053b_service-two-banner-02.svg]
[cdn.prod.website-files.com/6760feb1dd836b3d80343455/678f3b56c3ebba51aa52053a_service-two-banner-icon-03.svg]
[cdn.prod.website-files.com/6760feb1dd836b3d80343455/678f3b56c3ebba51aa520546_acrodian-two-01.svg]
[cdn.prod.website-files.com/6760feb1dd836b3d80343455/678f3b56c3ebba51aa520547_acrodian-two-02.svg]
[cdn.prod.website-files.com/6760feb1dd836b3d80343455/678f3b56c3ebba51aa520548_acrodian-two-03.svg]
[cdn.prod.website-files.com/6760feb1dd836b3d80343455/678f2b7eb85697383776aa6a_icon-box-five-dark.svg]
[cdn.prod.website-files.com/6760feb1dd836b3d80343455/678f3b56c3ebba51aa52054e_our-mission-four-02.svg]
[cdn.prod.website-files.com/6760feb1dd836b3d80343455/678f3b56c3ebba51aa520554_faq-two-02.svg]
[cdn.prod.website-files.com/6760feb1dd836b3d80343455/678f3f00fd8e7837259e1623_service-three-banner-image-04.webp]
[cdn.prod.website-files.com/6760feb1dd836b3d80343455/678f3f00fd8e7837259e1624_service-three-02.svg]
[cdn.prod.website-files.com/6760feb1dd836b3d80343455/678f34f9b98b4218c2d8067b_icon-card-three-02.svg]
[cdn.prod.website-files.com/6760feb1dd836b3d80343455/678f3f00fd8e7837259e1625_ai.svg]
[cdn.prod.website-files.com/6760feb1dd836b3d80343455/678f34f9b98b4218c2d80685_icon-card-three-03.svg]
[cdn.prod.website-files.com/6760feb1dd836b3d80343455/678f3f00fd8e7837259e1626_progress-three-02.webp]
[cdn.prod.website-files.com/6760feb1dd836b3d80343455/678f3f00fd8e7837259e1617_our-groth-three-01.svg]
[cdn.prod.website-files.com/6760feb1dd836b3d80343455/678f3f00fd8e7837259e162c_our-groth-three-02.svg]
[cdn.prod.website-files.com/6760feb1dd836b3d80343455/678f3f00fd8e7837259e162d_icon-box-nine-01.svg]
[cdn.prod.website-files.com/6760feb1dd836b3d80343455/678f3f00fd8e7837259e162e_acrodian-three-icon.svg]
[cdn.prod.website-files.com/6760feb1dd836b3d80343455/678f30809d42f905711d55a5_about-banner-03.webp]
[cdn.prod.website-files.com/6760feb1dd836b3d80343455/678f30809d42f905711d55aa_about-banner-06.svg]
[cdn.prod.website-files.com/6760feb1dd836b3d80343455/678f30809d42f905711d55ac_about-banner-line.svg]
[cdn.prod.website-files.com/6760feb1dd836b3d80343455/678f30809d42f905711d55ab_icon-card-nine-01.svg]
[cdn.prod.website-files.com/6760feb1dd836b3d80343455/678f30809d42f905711d55b0_icon-card-nine-02.svg]
[cdn.prod.website-files.com/6760feb1dd836b3d80343455/678f30809d42f905711d55b1_icon-card-nine-03.svg]
[cdn.prod.website-files.com/6760feb1dd836b3d80343455/679afc870050fa87367a10eb_Timeline 03.webp]
[cdn.prod.website-files.com/6760feb1dd836b3d80343455/679afc8630cc89c7e897cafb_Timeline-01.webp]
[cdn.prod.website-files.com/6760feb1dd836b3d80343455/679afc87f4ac1ca2bf5a376f_Timeline-05.webp]
[cdn.prod.website-files.com/6760feb1dd836b3d80343455/678f30809d42f905711d55c0_chect-icon-white.svg]
[cdn.prod.website-files.com/6760feb1dd836b3d80343455/679b6df087fa9405339ab2bd_progress-two-line.svg]
[cdn.prod.website-files.com/6760feb1dd836b3d80343455/678f4142d038c96aaa0d7e87_our-features-banner-04.webp]
[cdn.prod.website-files.com/6760feb1dd836b3d80343455/678f4142d038c96aaa0d7e89_icon-box-six-06.svg]
[cdn.prod.website-files.com/6760feb1dd836b3d80343455/678f4142d038c96aaa0d7e96_our-growth-four-03.webp]
[cdn.prod.website-files.com/6760feb1dd836b3d80343455/67a4382b38768da32fe633c2_icon-card-two-01.svg]
[cdn.prod.website-files.com/6760feb1dd836b3d80343455/67a4383bf282f9027cd62950_icon-card-two-02.svg]
[cdn.prod.website-files.com/6760feb1dd836b3d80343455/67a4384e4b7782447dde432c_icon-card-two-03.svg]
[cdn.prod.website-files.com/6760feb1dd836b3d80343455/67a43b94c6ba9157cc0227f4_icon-card-two-04.svg]
[cdn.prod.website-files.com/6760feb1dd836b3d80343455/67a43bb240c75027d20adc1a_icon-card-two-05.svg]
[teknify.webflow.io/blog-details/master-technology-with-consistent-and-easy-to-apply-techniques.html]
[cdn.prod.website-files.com/6760feb1dd836b3d80343455/67906d5de6e6c7f66a9bda27_check-01.svg]
[cdn.prod.website-files.com/6760feb1dd836b3d80343455/67906d5de6e6c7f66a9bda26_close-01.svg]
[cdn.prod.website-files.com/6760feb1dd836b3d80343455/67a45814d84a41d117515d14_.svg]
[cdn.prod.website-files.com/6760feb1dd836b3d80343455/67906d5de6e6c7f66a9bda29_pricing-one-infonmation-01.svg]
[cdn.prod.website-files.com/6760feb1dd836b3d80343455/679232f88103fddeb2656d7b_price-two-02.svg]
[cdn.prod.website-files.com/6760feb1dd836b3d80343455/679b372acaf044aaca256c1f_Group.svg]
[cdn.prod.website-files.com/6760feb1dd836b3d80343455/679b372e9b66b2004c85e276_Vector.svg]
[cdn.prod.website-files.com/6760feb1dd836b3d80343455/679b37303d5321753e3d17ee_Vector (1).svg]
[cdn.prod.website-files.com/6760feb1dd836b3d80343455/679b3a8c03dcbf0f7ea230f6_price-dash.svg]
[cdn.prod.website-files.com/6760feb1dd836b3d80343455/679b3a8f32074694952810d2_price-tick-011.svg]
[cdn.prod.website-files.com/6760feb1dd836b3d80343455/679232f88103fddeb2656d79_Group 1000002305.svg]
[cdn.prod.website-files.com/6760feb1dd836b3d80343455/679232f88103fddeb2656d80_testimonial-three-03.webp]
[cdn.prod.website-files.com/6760feb1dd836b3d80343455/679232f88103fddeb2656d78_left-arrow.svg]
[cdn.prod.website-files.com/6760feb1dd836b3d80343455/679232f88103fddeb2656d77_right-arrow.svg]
[cdn.prod.website-files.com/6760feb1dd836b3d80343455/679b19042a83a1d4b659dcc0_Group 131598 (1).svg]
[cdn.prod.website-files.com/6760feb1dd836b3d80343455/67923b63e95e41177f637c43_icon-box-01.svg]
[cdn.prod.website-files.com/6760feb1dd836b3d80343455/67923b63e95e41177f637c44_icon-box-ten-02.svg]
[cdn.prod.website-files.com/6760feb1dd836b3d80343455/67923b63e95e41177f637c45_icon-box-ten-03.svg]
[cdn.prod.website-files.com/6760feb1dd836b3d80343455/67930cdd02034a92327cc48c_contact-us-three-03.svg]
[cdn.prod.website-files.com/6760feb1dd836b3d80343455/67930ce2bc09ffcf563d3cbe_contact-us-three-04.svg]
[cdn.prod.website-files.com/6760feb1dd836b3d80343455/67931860c28ab81796404d81_mail-icon.svg]
[cdn.prod.website-files.com/6760feb1dd836b3d80343455/6793523bd1e68ec9a1415f93_Group 1000002307.svg]
[cdn.prod.website-files.com/6760feb1dd836b3d80343455/6793568be0ad80ccddfcd6a0_icon-card-ten-02.svg]
[cdn.prod.website-files.com/6760feb1dd836b3d80343455/679355d21cb9d0d09532af6f_icon-card-ten-03.svg]
[cdn.prod.website-files.com/6760feb1dd836b3d80343455/679355d9e6056f31a43973e8_icon-card-ten-05.svg]
[cdn.prod.website-files.com/6760feb1dd836b3d80343455/679355dbfe7af37091bf6f79_icon-card-ten-06.svg]
[cdn.prod.website-files.com/6760feb1dd836b3d80343455/679355d7780010b24fc6b840_icon-card-ten-04.svg]
[teknify.webflow.io/knowledge-base/what-are-the-key-benefits-of-automation.html]
[cdn.prod.website-files.com/6760feb1dd836b3d80343455/679c9c589393f1b85790c88c_icon.svg]
[cdn.prod.website-files.com/6760feb1dd836b3d80343455/679c920cdd83c2c4602377c8_404.svg]
[cdn.prod.website-files.com/6760feb1dd836b3d80343455/67ac46da774ae9ae33fdda78_white-logo.svg]
[cdn.prod.website-files.com/6760feb1dd836b3d80343455/67a9dea01bdac943994761e0_nav-arrow-white.svg]
[cdn.prod.website-files.com/6760feb1dd836b3d80343455/67bc6b2bccb96fa216d19638_white-cart.svg]
[cdn.prod.website-files.com/6760feb1dd836b3d80343455/67a042622340e95fc4df9241_Frame.svg]
[cdn.prod.website-files.com/6760feb1dd836b3d80343455/67a042622340e95fc4df9242_Group 407.svg]
[cdn.prod.website-files.com/6760feb1dd836b3d80343455/67a042622340e95fc4df923c_Shadow.svg]
[cdn.prod.website-files.com/6760feb1dd836b3d80343455/67a042622340e95fc4df9243_Vector 2-3.svg]
[cdn.prod.website-files.com/6760feb1dd836b3d80343455/67a042622340e95fc4df9246_Buttons-2.svg]
[cdn.prod.website-files.com/6760feb1dd836b3d80343455/67a042622340e95fc4df9245_List.svg]
[cdn.prod.website-files.com/6760feb1dd836b3d80343455/67a042622340e95fc4df923d_Icon-16.svg]
[cdn.prod.website-files.com/6760feb1dd836b3d80343455/679706946067c19e4528a2f3_Linkedin Icon.svg]
[cdn.prod.website-files.com/6760feb1dd836b3d80343455/679237cb860988deee81355c_contact-one-02.svg]
[cdn.prod.website-files.com/6760feb1dd836b3d80343455/67a042622340e95fc4df9244_Avatar Outline.svg]
[cdn.prod.website-files.com/6760feb1dd836b3d80343455/67a042622340e95fc4df923e_Placeholder icon.svg]
[cdn.prod.website-files.com/6760feb1dd836b3d80343455/67a042622340e95fc4df9240_Rich Text.svg]
[teknify.webflow.io/index.html]
[cdn.prod.website-files.com/6760feb1dd836b3d80343455/679b1909d1184772d7c037b3_Group 131598.svg]
[d3e54v103j8qbb.cloudfront.net/static/custom-checkbox-checkmark.589d534424.svg]
[cdn.prod.website-files.com/6760feb1dd836b3d80343455/678f26e520066524c85c5707_underline.svg]
[cdn.prod.website-files.com/6760feb1dd836b3d80343455/678f2b7eb85697383776aa89_send-icon.svg]
[cdn.prod.website-files.com/6760feb1dd836b3d80343455/678f2b7eb85697383776aa92_cta-two-line.svg]
[cdn.prod.website-files.com/6760feb1dd836b3d80343455/678f2b7eb85697383776aa69_features-one-circle.svg]
[cdn.prod.website-files.com/6760feb1dd836b3d80343455/678f34f9b98b4218c2d80682_service-banner-image-bg.svg]
[cdn.prod.website-files.com/6760feb1dd836b3d80343455/67971c5d48db3f2c1b863489_Market strategy-bg.svg]
[cdn.prod.website-files.com/6760feb1dd836b3d80343455/679a23965076ea64cfb375fa_Shape-one.svg]
[cdn.prod.website-files.com/6760feb1dd836b3d80343455/679a2460b1f7c76486b63059_Shape-two.svg]
[cdn.prod.website-files.com/6760feb1dd836b3d80343455/679c9fafbb4fc8f352f100fc_paper-plain.svg]
[cdn.prod.website-files.com/6760feb1dd836b3d80343455/67bdb3076ed1b22ac4c9f82b_Icon.svg]
